<?xml version="1.0" encoding="UTF-8"?>
<!-- Generated by org.testng.reporters.JUnitReportReporter -->
<testsuite hostname="LAPTOP-NM6NUFVG" failures="0" tests="1" name="com.mycompany.app.ReadWriteFromExcel" time="0.813" errors="0" timestamp="2022-04-23T11:43:08 IST" skipped="0">
  <testcase classname="com.mycompany.app.ReadWriteFromExcel" name="ReadData" time="0.813"/>
  <system-out/>
</testsuite> <!-- com.mycompany.app.ReadWriteFromExcel -->
