<?xml version="1.0" encoding="UTF-8"?>
<!-- Generated by org.testng.reporters.JUnitReportReporter -->
<testsuite hostname="LAPTOP-NM6NUFVG" failures="0" tests="2" name="com.mycompany.app.inheritancewithdependency" time="2.658" errors="0" timestamp="2022-04-20T13:02:31 IST" skipped="0">
  <testcase classname="com.mycompany.app.inheritancewithdependency" name="loginfb" time="1.557"/>
  <system-out/>
  <testcase classname="com.mycompany.app.inheritancewithdependency" name="launchchrome" time="1.101"/>
  <system-out/>
</testsuite> <!-- com.mycompany.app.inheritancewithdependency -->
