<?xml version="1.0" encoding="UTF-8"?>
<!-- Generated by org.testng.reporters.JUnitReportReporter -->
<testsuite hostname="LAPTOP-NM6NUFVG" failures="0" tests="4" name="com.mycompany.app.GroupDependencywithxml" time="5.216" errors="0" timestamp="2022-05-17T10:08:09 IST" skipped="0">
  <testcase classname="com.mycompany.app.GroupDependencywithxml" name="checkTitle" time="0.016"/>
  <system-out>
    <![CDATA[checkTitle method is executed]]>
  </system-out>
  <testcase classname="com.mycompany.app.GroupDependencywithxml" name="starting_point" time="4.774"/>
  <system-out>
    <![CDATA[starting_point Method is executed]]>
  </system-out>
  <testcase classname="com.mycompany.app.GroupDependencywithxml" name="ClickElement" time="0.176"/>
  <system-out>
    <![CDATA[ClickElement method is executed]]>
  </system-out>
  <testcase classname="com.mycompany.app.GroupDependencywithxml" name="LoginTest" time="0.250"/>
  <system-out>
    <![CDATA[LoginTest method is executed]]>
  </system-out>
</testsuite> <!-- com.mycompany.app.GroupDependencywithxml -->
