<?xml version="1.0" encoding="UTF-8"?>
<!-- Generated by org.testng.reporters.JUnitReportReporter -->
<testsuite hostname="LAPTOP-NM6NUFVG" failures="0" tests="2" name="com.mycompany.app.Parameterswithxml" time="0.002" errors="0" timestamp="2022-06-23T09:24:57 IST" skipped="0">
  <testcase classname="com.mycompany.app.Parameterswithxml" name="add" time="0.001"/>
  <system-out/>
  <testcase classname="com.mycompany.app.Parameterswithxml" name="optionalparameterex" time="0.001"/>
  <system-out/>
</testsuite> <!-- com.mycompany.app.Parameterswithxml -->
