<?xml version="1.0" encoding="UTF-8"?>
<!-- Generated by org.testng.reporters.JUnitReportReporter -->
<testsuite hostname="LAPTOP-NM6NUFVG" failures="0" tests="3" name="com.mycompany.app.PrioritywithTestAnnotations" time="0.011" errors="0" timestamp="2022-04-19T20:50:19 IST" skipped="0">
  <testcase classname="com.mycompany.app.PrioritywithTestAnnotations" name="f" time="0.009"/>
  <system-out/>
  <testcase classname="com.mycompany.app.PrioritywithTestAnnotations" name="b" time="0.001"/>
  <system-out/>
  <testcase classname="com.mycompany.app.PrioritywithTestAnnotations" name="a" time="0.001"/>
  <system-out/>
</testsuite> <!-- com.mycompany.app.PrioritywithTestAnnotations -->
