<?xml version="1.0" encoding="UTF-8"?>
<!-- Generated by org.testng.reporters.JUnitReportReporter -->
<testsuite hostname="LAPTOP-NM6NUFVG" failures="0" tests="5" name="com.mycompany.app.LaunchBrowserusingTestNG" time="46.497" errors="0" timestamp="2022-04-19T16:22:50 IST" skipped="0">
  <testcase classname="com.mycompany.app.LaunchBrowserusingTestNG" name="CheckGoogleLogo" time="6.697"/>
  <system-out/>
  <testcase classname="com.mycompany.app.LaunchBrowserusingTestNG" name="CheckFBLogo" time="21.499"/>
  <system-out/>
  <testcase classname="com.mycompany.app.LaunchBrowserusingTestNG" name="CheckKiteLogo" time="7.824"/>
  <system-out/>
  <testcase classname="com.mycompany.app.LaunchBrowserusingTestNG" name="launchFB" time="2.905"/>
  <system-out/>
  <testcase classname="com.mycompany.app.LaunchBrowserusingTestNG" name="launchgoogle" time="7.572"/>
  <system-out/>
</testsuite> <!-- com.mycompany.app.LaunchBrowserusingTestNG -->
