<?xml version="1.0" encoding="UTF-8"?>
<!-- Generated by org.testng.reporters.JUnitReportReporter -->
<testsuite hostname="LAPTOP-NM6NUFVG" failures="0" tests="9" name="com.mycompany.app.DataProviderBasic" time="0.017" errors="0" timestamp="2022-06-23T06:42:58 IST" skipped="0">
  <testcase classname="com.mycompany.app.DataProviderBasic" name="f" time="0.001"/>
  <system-out/>
  <testcase classname="com.mycompany.app.DataProviderBasic" name="f" time="0.001"/>
  <system-out/>
  <testcase classname="com.mycompany.app.DataProviderBasic" name="f" time="0.002"/>
  <system-out/>
  <testcase classname="com.mycompany.app.DataProviderBasic" name="f" time="0.001"/>
  <system-out/>
  <testcase classname="com.mycompany.app.DataProviderBasic" name="f" time="0.002"/>
  <system-out/>
  <testcase classname="com.mycompany.app.DataProviderBasic" name="f" time="0.002"/>
  <system-out/>
  <testcase classname="com.mycompany.app.DataProviderBasic" name="f" time="0.001"/>
  <system-out/>
  <testcase classname="com.mycompany.app.DataProviderBasic" name="f" time="0.007"/>
  <system-out/>
  <testcase classname="com.mycompany.app.DataProviderBasic" name="f" time="0.000"/>
  <system-out/>
</testsuite> <!-- com.mycompany.app.DataProviderBasic -->
