<?xml version="1.0" encoding="UTF-8"?>
<!-- Generated by org.testng.reporters.JUnitReportReporter -->
<testsuite hostname="LAPTOP-NM6NUFVG" failures="0" tests="6" name="com.mycompany.app.FBLogin" time="50.183" errors="0" timestamp="2022-04-21T18:19:54 IST" skipped="0">
  <testcase classname="com.mycompany.app.FBLogin" name="FaceBookLoginFireFox" time="11.943"/>
  <system-out/>
  <testcase classname="com.mycompany.app.FBLogin" name="FaceBookLoginChrome" time="15.021"/>
  <system-out/>
  <testcase classname="com.mycompany.app.FBLogin" name="FaceBookLoginEdge" time="5.867"/>
  <system-out/>
  <testcase classname="com.mycompany.app.FBLogin" name="FaceBookLoginFireFox" time="9.584"/>
  <system-out/>
  <testcase classname="com.mycompany.app.FBLogin" name="FaceBookLoginEdge" time="5.044"/>
  <system-out/>
  <testcase classname="com.mycompany.app.FBLogin" name="FaceBookLoginChrome" time="2.724"/>
  <system-out/>
</testsuite> <!-- com.mycompany.app.FBLogin -->
