<?xml version="1.0" encoding="UTF-8"?>
<!-- Generated by org.testng.reporters.JUnitReportReporter -->
<testsuite hostname="LAPTOP-NM6NUFVG" failures="0" tests="1" name="com.mycompany.app.selectbrowser" time="0.009" errors="0" timestamp="2022-04-22T12:32:09 IST" skipped="0">
  <testcase classname="com.mycompany.app.selectbrowser" name="ChromeBrowser" time="0.009"/>
  <system-out/>
</testsuite> <!-- com.mycompany.app.selectbrowser -->
