<?xml version="1.0" encoding="UTF-8"?>
<!-- Generated by org.testng.reporters.JUnitReportReporter -->
<testsuite hostname="LAPTOP-NM6NUFVG" failures="0" tests="1" name="com.mycompany.app.JavaScriptExecutorEx" time="19.720" errors="0" timestamp="2022-04-23T15:21:27 IST" skipped="0">
  <testcase classname="com.mycompany.app.JavaScriptExecutorEx" name="js" time="19.720"/>
  <system-out/>
</testsuite> <!-- com.mycompany.app.JavaScriptExecutorEx -->
